2025-08-21 05:30:14,748 - system - INFO - Trading state manager initialized
2025-08-21 05:32:27,352 - system - INFO - Trading state manager initialized
2025-08-21 05:33:13,898 - system - INFO - Trading state manager initialized
2025-08-21 05:33:20,393 - system - INFO - Trading state manager initialized
2025-08-21 05:33:50,572 - system - INFO - Trading state manager initialized
2025-08-21 05:33:50,619 - system - INFO - Database initialized successfully
2025-08-21 05:33:50,736 - system - INFO - Database initialized successfully
2025-08-21 05:33:50,787 - system - INFO - Database initialized successfully
2025-08-21 05:33:50,837 - system - INFO - Database initialized successfully
2025-08-21 05:33:50,881 - system - INFO - Database initialized successfully
2025-08-21 05:33:50,929 - system - INFO - Database initialized successfully
2025-08-21 05:33:50,990 - system - INFO - Database initialized successfully
2025-08-21 05:33:51,036 - system - INFO - Database initialized successfully
2025-08-21 05:33:51,077 - system - INFO - Database initialized successfully
2025-08-21 05:33:51,135 - system - INFO - Database initialized successfully
2025-08-21 05:34:13,631 - system - INFO - Trading state manager initialized
2025-08-21 05:34:13,660 - system - INFO - Database initialized successfully
2025-08-21 05:34:13,661 - system - INFO - Trading state reset
2025-08-21 06:12:51,219 - system - INFO - Trading state manager initialized
2025-08-21 06:12:51,281 - system - INFO - Database initialized successfully
2025-08-21 06:12:51,282 - system - INFO - Trading state reset
2025-08-21 06:12:51,315 - system - INFO - Trading state reset
2025-08-21 06:12:51,318 - system - INFO - Trading state reset
2025-08-21 06:12:51,322 - system - INFO - Trading state reset
2025-08-21 06:12:51,325 - system - INFO - Trading state reset
2025-08-21 06:12:51,328 - system - INFO - Trading state reset
2025-08-21 06:12:51,332 - system - INFO - Trading state reset
2025-08-21 06:12:51,335 - system - INFO - Trading state reset
2025-08-21 06:12:51,394 - system - INFO - Database initialized successfully
2025-08-21 06:12:51,395 - system - INFO - Trading state reset
2025-08-21 06:12:51,398 - system - INFO - Trading state reset
2025-08-21 06:12:51,402 - system - INFO - Trading state reset
2025-08-21 06:12:51,406 - system - INFO - Trading state reset
2025-08-21 06:12:51,409 - system - INFO - Trading state reset
2025-08-21 06:12:51,412 - system - INFO - Trading state reset
2025-08-21 06:12:51,416 - system - INFO - Trading state reset
2025-08-21 06:12:51,419 - system - INFO - Trading state reset
2025-08-21 06:12:51,423 - system - INFO - Trading state reset
2025-08-21 06:12:51,426 - system - INFO - Trading state reset
2025-08-21 06:12:51,448 - system - INFO - Database initialized successfully
2025-08-21 06:12:51,449 - system - INFO - Trading state reset
2025-08-21 06:12:51,452 - system - INFO - Trading state reset
2025-08-21 06:12:51,456 - system - INFO - Trading state reset
2025-08-21 06:12:51,459 - system - INFO - Trading state reset
2025-08-21 06:12:51,463 - system - INFO - Trading state reset
2025-08-21 06:12:51,466 - system - INFO - Trading state reset
2025-08-21 06:12:51,470 - system - INFO - Trading state reset
2025-08-21 06:12:51,473 - system - INFO - Trading state reset
2025-08-21 06:12:51,477 - system - INFO - Trading state reset
2025-08-21 06:12:51,480 - system - INFO - Trading state reset
2025-08-21 06:12:51,484 - system - INFO - Trading state reset
2025-08-21 06:12:51,502 - system - INFO - Database initialized successfully
2025-08-21 06:12:51,502 - system - INFO - Trading state reset
2025-08-21 06:12:51,506 - system - INFO - Trading state reset
2025-08-21 06:12:51,510 - system - INFO - Trading state reset
2025-08-21 06:12:51,513 - system - INFO - Trading state reset
2025-08-21 06:12:51,517 - system - INFO - Trading state reset
2025-08-21 06:12:51,520 - system - INFO - Trading state reset
2025-08-21 06:12:51,524 - system - INFO - Trading state reset
2025-08-21 06:12:51,528 - system - INFO - Trading state reset
2025-08-21 06:12:51,563 - system - INFO - Database initialized successfully
2025-08-21 06:12:51,564 - system - INFO - Trading state reset
2025-08-21 06:12:51,568 - system - INFO - Trading state reset
2025-08-21 06:12:51,571 - system - INFO - Trading state reset
2025-08-21 06:12:51,576 - system - INFO - Trading state reset
2025-08-21 06:12:51,579 - system - INFO - Trading state reset
2025-08-21 06:12:51,583 - system - INFO - Trading state reset
2025-08-21 06:12:51,587 - system - INFO - Trading state reset
2025-08-21 06:12:51,590 - system - INFO - Trading state reset
2025-08-21 06:12:51,593 - system - INFO - Trading state reset
2025-08-21 06:12:51,597 - system - INFO - Trading state reset
2025-08-21 06:12:51,614 - system - INFO - Database initialized successfully
2025-08-21 06:12:51,615 - system - INFO - Trading state reset
2025-08-21 06:12:51,619 - system - INFO - Trading state reset
2025-08-21 06:12:51,622 - system - INFO - Trading state reset
2025-08-21 06:12:51,626 - system - INFO - Trading state reset
2025-08-21 06:12:51,629 - system - INFO - Trading state reset
2025-08-21 06:12:51,632 - system - INFO - Trading state reset
2025-08-21 06:12:51,636 - system - INFO - Trading state reset
2025-08-21 06:12:51,639 - system - INFO - Trading state reset
2025-08-21 06:12:51,643 - system - INFO - Trading state reset
2025-08-21 06:12:51,646 - system - INFO - Trading state reset
2025-08-21 06:12:51,649 - system - INFO - Trading state reset
2025-08-21 06:12:51,653 - system - INFO - Trading state reset
2025-08-21 06:12:51,673 - system - INFO - Database initialized successfully
2025-08-21 06:12:51,674 - system - INFO - Trading state reset
2025-08-21 06:12:51,720 - system - INFO - Trading state reset
2025-08-21 06:12:51,724 - system - INFO - Trading state reset
2025-08-21 06:12:51,728 - system - INFO - Trading state reset
2025-08-21 06:12:51,731 - system - INFO - Trading state reset
2025-08-21 06:12:51,735 - system - INFO - Trading state reset
2025-08-21 06:12:51,739 - system - INFO - Trading state reset
2025-08-21 06:12:51,743 - system - INFO - Trading state reset
2025-08-21 06:12:51,761 - system - INFO - Database initialized successfully
2025-08-21 06:12:51,762 - system - INFO - Trading state reset
2025-08-21 06:12:51,765 - system - INFO - Trading state reset
2025-08-21 06:12:51,768 - system - INFO - Trading state reset
2025-08-21 06:12:51,771 - system - INFO - Trading state reset
2025-08-21 06:12:51,774 - system - INFO - Trading state reset
2025-08-21 06:12:51,777 - system - INFO - Trading state reset
2025-08-21 06:12:51,780 - system - INFO - Trading state reset
2025-08-21 06:12:51,783 - system - INFO - Trading state reset
2025-08-21 06:12:51,786 - system - INFO - Trading state reset
2025-08-21 06:12:51,805 - system - INFO - Database initialized successfully
2025-08-21 06:12:51,806 - system - INFO - Trading state reset
2025-08-21 06:12:51,809 - system - INFO - Trading state reset
2025-08-21 06:12:51,813 - system - INFO - Trading state reset
2025-08-21 06:12:51,816 - system - INFO - Trading state reset
2025-08-21 06:12:51,819 - system - INFO - Trading state reset
2025-08-21 06:12:51,822 - system - INFO - Trading state reset
2025-08-21 06:12:51,826 - system - INFO - Trading state reset
2025-08-21 06:12:51,829 - system - INFO - Trading state reset
2025-08-21 06:12:51,849 - system - INFO - Database initialized successfully
2025-08-21 06:12:51,849 - system - INFO - Trading state reset
2025-08-21 06:12:51,853 - system - INFO - Trading state reset
2025-08-21 06:12:51,856 - system - INFO - Trading state reset
2025-08-21 06:12:51,860 - system - INFO - Trading state reset
2025-08-21 06:12:51,863 - system - INFO - Trading state reset
2025-08-21 06:12:51,867 - system - INFO - Trading state reset
2025-08-21 06:12:51,870 - system - INFO - Trading state reset
2025-08-21 06:12:51,874 - system - INFO - Trading state reset
2025-08-21 06:12:51,877 - system - INFO - Trading state reset
2025-08-21 06:12:51,881 - system - INFO - Trading state reset
2025-08-21 06:12:51,884 - system - INFO - Trading state reset
2025-08-21 06:12:51,888 - system - INFO - Trading state reset
2025-08-21 06:19:38,986 - system - INFO - Trading state manager initialized
2025-08-21 06:19:39,033 - system - INFO - Database initialized successfully
2025-08-21 06:19:39,034 - system - INFO - Trading state reset
2025-08-21 06:19:39,062 - system - INFO - Test database re-initialized
2025-08-21 06:19:39,097 - system - INFO - Trading state reset
2025-08-21 06:19:39,124 - system - INFO - Test database re-initialized
2025-08-21 06:19:39,129 - system - INFO - Trading state reset
2025-08-21 06:19:39,163 - system - INFO - Test database re-initialized
2025-08-21 06:19:39,168 - system - INFO - Trading state reset
2025-08-21 06:19:39,190 - system - INFO - Test database re-initialized
2025-08-21 06:19:39,196 - system - INFO - Trading state reset
2025-08-21 06:19:39,222 - system - INFO - Test database re-initialized
2025-08-21 06:19:39,226 - system - INFO - Trading state reset
2025-08-21 06:19:39,250 - system - INFO - Test database re-initialized
2025-08-21 06:19:39,254 - system - INFO - Trading state reset
2025-08-21 06:19:39,282 - system - INFO - Test database re-initialized
2025-08-21 06:19:39,286 - system - INFO - Trading state reset
2025-08-21 06:19:39,316 - system - INFO - Test database re-initialized
2025-08-21 06:19:39,382 - system - INFO - Database initialized successfully
2025-08-21 06:19:39,382 - system - INFO - Trading state reset
2025-08-21 06:19:39,406 - system - INFO - Test database re-initialized
2025-08-21 06:19:39,443 - system - INFO - Database initialized successfully
2025-08-21 06:19:39,471 - system - INFO - Trading state reset
2025-08-21 06:19:39,496 - system - INFO - Test database re-initialized
2025-08-21 06:19:39,531 - system - INFO - Database initialized successfully
2025-08-21 06:19:39,556 - system - INFO - Trading state reset
2025-08-21 06:19:39,581 - system - INFO - Test database re-initialized
2025-08-21 06:19:39,612 - system - INFO - Database initialized successfully
2025-08-21 06:19:39,636 - system - INFO - Trading state reset
2025-08-21 06:19:39,660 - system - INFO - Test database re-initialized
2025-08-21 06:19:39,698 - system - INFO - Database initialized successfully
2025-08-21 06:19:39,717 - system - INFO - Trading state reset
2025-08-21 06:19:39,741 - system - INFO - Test database re-initialized
2025-08-21 06:19:39,773 - system - INFO - Database initialized successfully
2025-08-21 06:19:39,799 - system - INFO - Trading state reset
2025-08-21 06:19:39,823 - system - INFO - Test database re-initialized
2025-08-21 06:19:39,854 - system - INFO - Database initialized successfully
2025-08-21 06:19:39,877 - system - INFO - Trading state reset
2025-08-21 06:19:39,899 - system - INFO - Test database re-initialized
2025-08-21 06:19:39,931 - system - INFO - Database initialized successfully
2025-08-21 06:19:39,957 - system - INFO - Trading state reset
2025-08-21 06:19:39,981 - system - INFO - Test database re-initialized
2025-08-21 06:19:40,016 - system - INFO - Database initialized successfully
2025-08-21 06:19:40,041 - system - INFO - Trading state reset
2025-08-21 06:19:40,066 - system - INFO - Test database re-initialized
2025-08-21 06:19:40,097 - system - INFO - Database initialized successfully
2025-08-21 06:19:40,121 - system - INFO - Trading state reset
2025-08-21 06:19:40,144 - system - INFO - Test database re-initialized
2025-08-21 06:19:40,181 - system - INFO - Database initialized successfully
2025-08-21 06:19:40,235 - system - INFO - Database initialized successfully
2025-08-21 06:19:40,236 - system - INFO - Trading state reset
2025-08-21 06:19:40,259 - system - INFO - Test database re-initialized
2025-08-21 06:19:40,269 - system - INFO - Trading state reset
2025-08-21 06:19:40,293 - system - INFO - Test database re-initialized
2025-08-21 06:19:40,304 - system - INFO - Trading state reset
2025-08-21 06:19:40,328 - system - INFO - Test database re-initialized
2025-08-21 06:19:40,339 - system - INFO - Trading state reset
2025-08-21 06:19:40,364 - system - INFO - Test database re-initialized
2025-08-21 06:19:40,374 - system - INFO - Trading state reset
2025-08-21 06:19:40,397 - system - INFO - Test database re-initialized
2025-08-21 06:19:40,408 - system - INFO - Trading state reset
2025-08-21 06:19:40,430 - system - INFO - Test database re-initialized
2025-08-21 06:19:40,441 - system - INFO - Trading state reset
2025-08-21 06:19:40,464 - system - INFO - Test database re-initialized
2025-08-21 06:19:40,474 - system - INFO - Trading state reset
2025-08-21 06:19:40,496 - system - INFO - Test database re-initialized
2025-08-21 06:19:40,506 - system - INFO - Trading state reset
2025-08-21 06:19:40,530 - system - INFO - Test database re-initialized
2025-08-21 06:19:40,540 - system - INFO - Trading state reset
2025-08-21 06:19:40,562 - system - INFO - Test database re-initialized
2025-08-21 06:19:40,571 - system - INFO - Trading state reset
2025-08-21 06:19:40,594 - system - INFO - Test database re-initialized
2025-08-21 06:19:40,620 - system - INFO - Database initialized successfully
2025-08-21 06:19:40,620 - system - INFO - Trading state reset
2025-08-21 06:19:40,645 - system - INFO - Test database re-initialized
2025-08-21 06:19:40,649 - system - INFO - Trading state reset
2025-08-21 06:19:40,672 - system - INFO - Test database re-initialized
2025-08-21 06:19:40,676 - system - INFO - Trading state reset
2025-08-21 06:19:40,698 - system - INFO - Test database re-initialized
2025-08-21 06:19:40,702 - system - INFO - Trading state reset
2025-08-21 06:19:40,725 - system - INFO - Test database re-initialized
2025-08-21 06:19:40,729 - system - INFO - Trading state reset
2025-08-21 06:19:40,751 - system - INFO - Test database re-initialized
2025-08-21 06:19:40,755 - system - INFO - Trading state reset
2025-08-21 06:19:40,779 - system - INFO - Test database re-initialized
2025-08-21 06:19:40,782 - system - INFO - Trading state reset
2025-08-21 06:19:40,806 - system - INFO - Test database re-initialized
2025-08-21 06:19:40,809 - system - INFO - Trading state reset
2025-08-21 06:19:40,832 - system - INFO - Test database re-initialized
2025-08-21 06:19:40,849 - system - INFO - Database initialized successfully
2025-08-21 06:19:40,850 - system - INFO - Trading state reset
2025-08-21 06:19:40,877 - system - INFO - Test database re-initialized
2025-08-21 06:19:40,880 - system - INFO - Trading state reset
2025-08-21 06:19:40,910 - system - INFO - Test database re-initialized
2025-08-21 06:19:40,913 - system - INFO - Trading state reset
2025-08-21 06:19:40,933 - system - INFO - Test database re-initialized
2025-08-21 06:19:40,936 - system - INFO - Trading state reset
2025-08-21 06:19:40,963 - system - INFO - Test database re-initialized
2025-08-21 06:19:40,966 - system - INFO - Trading state reset
2025-08-21 06:19:40,993 - system - INFO - Test database re-initialized
2025-08-21 06:19:40,996 - system - INFO - Trading state reset
2025-08-21 06:19:41,019 - system - INFO - Test database re-initialized
2025-08-21 06:19:41,022 - system - INFO - Trading state reset
2025-08-21 06:19:41,049 - system - INFO - Test database re-initialized
2025-08-21 06:19:41,052 - system - INFO - Trading state reset
2025-08-21 06:19:41,074 - system - INFO - Test database re-initialized
2025-08-21 06:19:41,077 - system - INFO - Trading state reset
2025-08-21 06:19:41,104 - system - INFO - Test database re-initialized
2025-08-21 06:19:41,108 - system - INFO - Trading state reset
2025-08-21 06:19:41,135 - system - INFO - Test database re-initialized
2025-08-21 06:19:41,156 - system - INFO - Database initialized successfully
2025-08-21 06:19:41,156 - system - INFO - Trading state reset
2025-08-21 06:19:41,181 - system - INFO - Test database re-initialized
2025-08-21 06:19:41,185 - system - INFO - Trading state reset
2025-08-21 06:19:41,211 - system - INFO - Test database re-initialized
2025-08-21 06:19:41,214 - system - INFO - Trading state reset
2025-08-21 06:19:41,239 - system - INFO - Test database re-initialized
2025-08-21 06:19:41,242 - system - INFO - Trading state reset
2025-08-21 06:19:41,264 - system - INFO - Test database re-initialized
2025-08-21 06:19:41,267 - system - INFO - Trading state reset
2025-08-21 06:19:41,286 - system - INFO - Test database re-initialized
2025-08-21 06:19:41,289 - system - INFO - Trading state reset
2025-08-21 06:19:41,311 - system - INFO - Test database re-initialized
2025-08-21 06:19:41,314 - system - INFO - Trading state reset
2025-08-21 06:19:41,347 - system - INFO - Test database re-initialized
2025-08-21 06:19:41,350 - system - INFO - Trading state reset
2025-08-21 06:19:41,375 - system - INFO - Test database re-initialized
2025-08-21 06:19:41,378 - system - INFO - Trading state reset
2025-08-21 06:19:41,401 - system - INFO - Test database re-initialized
2025-08-21 06:19:41,405 - system - INFO - Trading state reset
2025-08-21 06:19:41,427 - system - INFO - Test database re-initialized
2025-08-21 06:19:41,430 - system - INFO - Trading state reset
2025-08-21 06:19:41,454 - system - INFO - Test database re-initialized
2025-08-21 06:19:41,457 - system - INFO - Trading state reset
2025-08-21 06:19:41,479 - system - INFO - Test database re-initialized
2025-08-21 06:19:41,498 - system - INFO - Database initialized successfully
2025-08-21 06:19:41,499 - system - INFO - Trading state reset
2025-08-21 06:19:41,523 - system - INFO - Test database re-initialized
2025-08-21 06:19:41,529 - system - INFO - Trading state reset
2025-08-21 06:19:41,557 - system - INFO - Test database re-initialized
2025-08-21 06:19:41,563 - system - INFO - Trading state reset
2025-08-21 06:19:41,588 - system - INFO - Test database re-initialized
2025-08-21 06:19:41,593 - system - INFO - Trading state reset
2025-08-21 06:19:41,617 - system - INFO - Test database re-initialized
2025-08-21 06:19:41,623 - system - INFO - Trading state reset
2025-08-21 06:19:41,648 - system - INFO - Test database re-initialized
2025-08-21 06:19:41,653 - system - INFO - Trading state reset
2025-08-21 06:19:41,682 - system - INFO - Test database re-initialized
2025-08-21 06:19:41,687 - system - INFO - Trading state reset
2025-08-21 06:19:41,706 - system - INFO - Test database re-initialized
2025-08-21 06:19:41,712 - system - INFO - Trading state reset
2025-08-21 06:19:41,731 - system - INFO - Test database re-initialized
2025-08-21 06:19:41,767 - system - INFO - Database initialized successfully
2025-08-21 06:19:41,767 - system - INFO - Trading state reset
2025-08-21 06:19:41,791 - system - INFO - Test database re-initialized
2025-08-21 06:19:41,800 - system - INFO - Trading state reset
2025-08-21 06:19:41,825 - system - INFO - Test database re-initialized
2025-08-21 06:19:41,833 - system - INFO - Trading state reset
2025-08-21 06:19:41,856 - system - INFO - Test database re-initialized
2025-08-21 06:19:41,865 - system - INFO - Trading state reset
2025-08-21 06:19:41,888 - system - INFO - Test database re-initialized
2025-08-21 06:19:41,896 - system - INFO - Trading state reset
2025-08-21 06:19:41,919 - system - INFO - Test database re-initialized
2025-08-21 06:19:41,930 - system - INFO - Trading state reset
2025-08-21 06:19:41,954 - system - INFO - Test database re-initialized
2025-08-21 06:19:41,963 - system - INFO - Trading state reset
2025-08-21 06:19:41,986 - system - INFO - Test database re-initialized
2025-08-21 06:19:42,059 - system - INFO - Trading state reset
2025-08-21 06:19:42,088 - system - INFO - Test database re-initialized
2025-08-21 06:19:42,098 - system - INFO - Trading state reset
2025-08-21 06:19:42,152 - system - INFO - Test database re-initialized
2025-08-21 06:19:42,195 - system - INFO - Database initialized successfully
2025-08-21 06:19:42,195 - system - INFO - Trading state reset
2025-08-21 06:19:42,215 - system - INFO - Test database re-initialized
2025-08-21 06:19:42,226 - system - INFO - Trading state reset
2025-08-21 06:19:42,249 - system - INFO - Test database re-initialized
2025-08-21 06:19:42,259 - system - INFO - Trading state reset
2025-08-21 06:19:42,280 - system - INFO - Test database re-initialized
2025-08-21 06:19:42,290 - system - INFO - Trading state reset
2025-08-21 06:19:42,313 - system - INFO - Test database re-initialized
2025-08-21 06:19:42,326 - system - INFO - Trading state reset
2025-08-21 06:19:42,348 - system - INFO - Test database re-initialized
2025-08-21 06:19:42,359 - system - INFO - Trading state reset
2025-08-21 06:19:42,384 - system - INFO - Test database re-initialized
2025-08-21 06:19:42,394 - system - INFO - Trading state reset
2025-08-21 06:19:42,417 - system - INFO - Test database re-initialized
2025-08-21 06:19:42,427 - system - INFO - Trading state reset
2025-08-21 06:19:42,452 - system - INFO - Test database re-initialized
2025-08-21 06:19:42,485 - system - INFO - Database initialized successfully
2025-08-21 06:19:42,485 - system - INFO - Trading state reset
2025-08-21 06:19:42,508 - system - INFO - Test database re-initialized
2025-08-21 06:19:42,517 - system - INFO - Trading state reset
2025-08-21 06:19:42,540 - system - INFO - Test database re-initialized
2025-08-21 06:19:42,553 - system - INFO - Trading state reset
2025-08-21 06:19:42,577 - system - INFO - Test database re-initialized
2025-08-21 06:19:42,588 - system - INFO - Trading state reset
2025-08-21 06:19:42,610 - system - INFO - Test database re-initialized
2025-08-21 06:19:42,621 - system - INFO - Trading state reset
2025-08-21 06:19:42,643 - system - INFO - Test database re-initialized
2025-08-21 06:19:42,653 - system - INFO - Trading state reset
2025-08-21 06:19:42,678 - system - INFO - Test database re-initialized
2025-08-21 06:19:42,691 - system - INFO - Trading state reset
2025-08-21 06:19:42,715 - system - INFO - Test database re-initialized
2025-08-21 06:19:42,725 - system - INFO - Trading state reset
2025-08-21 06:19:42,748 - system - INFO - Test database re-initialized
2025-08-21 06:19:42,758 - system - INFO - Trading state reset
2025-08-21 06:19:42,783 - system - INFO - Test database re-initialized
2025-08-21 06:19:42,793 - system - INFO - Trading state reset
2025-08-21 06:19:42,815 - system - INFO - Test database re-initialized
2025-08-21 06:19:42,826 - system - INFO - Trading state reset
2025-08-21 06:19:42,848 - system - INFO - Test database re-initialized
2025-08-21 06:19:42,859 - system - INFO - Trading state reset
2025-08-21 06:19:42,882 - system - INFO - Test database re-initialized
2025-08-21 06:21:23,210 - system - INFO - Trading state manager initialized
2025-08-21 06:21:23,239 - system - INFO - Database initialized successfully
2025-08-21 06:21:23,239 - system - INFO - Trading state reset
2025-08-21 06:21:23,263 - system - INFO - Test database re-initialized
2025-08-21 06:23:05,844 - system - INFO - Trading state manager initialized
2025-08-21 06:23:05,871 - system - INFO - Database initialized successfully
2025-08-21 06:23:05,872 - system - INFO - Trading state reset
2025-08-21 06:23:05,898 - system - INFO - Test database re-initialized
2025-08-21 06:25:33,336 - system - INFO - Trading state manager initialized
2025-08-21 06:25:33,362 - system - INFO - Database initialized successfully
2025-08-21 06:25:33,363 - system - INFO - Trading state reset
2025-08-21 06:25:33,405 - system - INFO - Test database re-initialized
2025-08-21 06:25:40,143 - system - INFO - Trading state manager initialized
2025-08-21 06:25:40,189 - system - INFO - Database initialized successfully
2025-08-21 06:25:40,189 - system - INFO - Trading state reset
2025-08-21 06:25:40,215 - system - INFO - Test database re-initialized
2025-08-21 06:25:40,249 - system - INFO - Trading state reset
2025-08-21 06:25:40,273 - system - INFO - Test database re-initialized
2025-08-21 06:25:40,277 - system - INFO - Trading state reset
2025-08-21 06:25:40,300 - system - INFO - Test database re-initialized
2025-08-21 06:25:40,305 - system - INFO - Trading state reset
2025-08-21 06:25:40,328 - system - INFO - Test database re-initialized
2025-08-21 06:25:40,333 - system - INFO - Trading state reset
2025-08-21 06:25:40,356 - system - INFO - Test database re-initialized
2025-08-21 06:25:40,360 - system - INFO - Trading state reset
2025-08-21 06:25:40,397 - system - INFO - Test database re-initialized
2025-08-21 06:25:40,405 - system - INFO - Trading state reset
2025-08-21 06:25:40,443 - system - INFO - Test database re-initialized
2025-08-21 06:25:40,447 - system - INFO - Trading state reset
2025-08-21 06:25:40,472 - system - INFO - Test database re-initialized
2025-08-21 06:25:40,531 - system - INFO - Database initialized successfully
2025-08-21 06:25:40,532 - system - INFO - Trading state reset
2025-08-21 06:25:40,554 - system - INFO - Test database re-initialized
2025-08-21 06:25:40,589 - system - INFO - Database initialized successfully
2025-08-21 06:25:40,614 - system - INFO - Trading state reset
2025-08-21 06:25:40,638 - system - INFO - Test database re-initialized
2025-08-21 06:25:40,670 - system - INFO - Database initialized successfully
2025-08-21 06:25:40,692 - system - INFO - Trading state reset
2025-08-21 06:25:40,716 - system - INFO - Test database re-initialized
2025-08-21 06:25:40,749 - system - INFO - Database initialized successfully
2025-08-21 06:25:40,770 - system - INFO - Trading state reset
2025-08-21 06:25:40,793 - system - INFO - Test database re-initialized
2025-08-21 06:25:40,826 - system - INFO - Database initialized successfully
2025-08-21 06:25:40,847 - system - INFO - Trading state reset
2025-08-21 06:25:40,871 - system - INFO - Test database re-initialized
2025-08-21 06:25:40,904 - system - INFO - Database initialized successfully
2025-08-21 06:25:40,927 - system - INFO - Trading state reset
2025-08-21 06:25:40,951 - system - INFO - Test database re-initialized
2025-08-21 06:25:40,980 - system - INFO - Database initialized successfully
2025-08-21 06:25:41,004 - system - INFO - Trading state reset
2025-08-21 06:25:41,029 - system - INFO - Test database re-initialized
2025-08-21 06:25:41,063 - system - INFO - Database initialized successfully
2025-08-21 06:25:41,088 - system - INFO - Trading state reset
2025-08-21 06:25:41,113 - system - INFO - Test database re-initialized
2025-08-21 06:25:41,148 - system - INFO - Database initialized successfully
2025-08-21 06:25:41,170 - system - INFO - Trading state reset
2025-08-21 06:25:41,195 - system - INFO - Test database re-initialized
2025-08-21 06:25:41,255 - system - INFO - Database initialized successfully
2025-08-21 06:25:41,284 - system - INFO - Trading state reset
2025-08-21 06:25:41,308 - system - INFO - Test database re-initialized
2025-08-21 06:25:41,343 - system - INFO - Database initialized successfully
2025-08-21 06:25:41,388 - system - INFO - Database initialized successfully
2025-08-21 06:25:41,389 - system - INFO - Trading state reset
2025-08-21 06:25:41,415 - system - INFO - Test database re-initialized
2025-08-21 06:25:41,425 - system - INFO - Trading state reset
2025-08-21 06:25:41,448 - system - INFO - Test database re-initialized
2025-08-21 06:25:41,460 - system - INFO - Trading state reset
2025-08-21 06:25:41,483 - system - INFO - Test database re-initialized
2025-08-21 06:25:41,494 - system - INFO - Trading state reset
2025-08-21 06:25:41,524 - system - INFO - Test database re-initialized
2025-08-21 06:25:41,537 - system - INFO - Trading state reset
2025-08-21 06:25:41,562 - system - INFO - Test database re-initialized
2025-08-21 06:25:41,573 - system - INFO - Trading state reset
2025-08-21 06:25:41,596 - system - INFO - Test database re-initialized
2025-08-21 06:25:41,606 - system - INFO - Trading state reset
2025-08-21 06:25:41,629 - system - INFO - Test database re-initialized
2025-08-21 06:25:41,639 - system - INFO - Trading state reset
2025-08-21 06:25:41,664 - system - INFO - Test database re-initialized
2025-08-21 06:25:41,676 - system - INFO - Trading state reset
2025-08-21 06:25:41,698 - system - INFO - Test database re-initialized
2025-08-21 06:25:41,708 - system - INFO - Trading state reset
2025-08-21 06:25:41,732 - system - INFO - Test database re-initialized
2025-08-21 06:25:41,741 - system - INFO - Trading state reset
2025-08-21 06:25:41,764 - system - INFO - Test database re-initialized
2025-08-21 06:25:41,789 - system - INFO - Database initialized successfully
2025-08-21 06:25:41,789 - system - INFO - Trading state reset
2025-08-21 06:25:41,811 - system - INFO - Test database re-initialized
2025-08-21 06:25:41,815 - system - INFO - Trading state reset
2025-08-21 06:25:41,842 - system - INFO - Test database re-initialized
2025-08-21 06:25:41,845 - system - INFO - Trading state reset
2025-08-21 06:25:41,869 - system - INFO - Test database re-initialized
2025-08-21 06:25:41,872 - system - INFO - Trading state reset
2025-08-21 06:25:41,895 - system - INFO - Test database re-initialized
2025-08-21 06:25:41,898 - system - INFO - Trading state reset
2025-08-21 06:25:41,922 - system - INFO - Test database re-initialized
2025-08-21 06:25:41,926 - system - INFO - Trading state reset
2025-08-21 06:25:41,951 - system - INFO - Test database re-initialized
2025-08-21 06:25:41,954 - system - INFO - Trading state reset
2025-08-21 06:25:41,977 - system - INFO - Test database re-initialized
2025-08-21 06:25:41,980 - system - INFO - Trading state reset
2025-08-21 06:25:42,008 - system - INFO - Test database re-initialized
2025-08-21 06:25:42,026 - system - INFO - Database initialized successfully
2025-08-21 06:25:42,026 - system - INFO - Trading state reset
2025-08-21 06:25:42,061 - system - INFO - Test database re-initialized
2025-08-21 06:25:42,069 - system - INFO - Trading state reset
2025-08-21 06:25:42,088 - system - INFO - Test database re-initialized
2025-08-21 06:25:42,097 - system - INFO - Trading state reset
2025-08-21 06:25:42,118 - system - INFO - Test database re-initialized
2025-08-21 06:25:42,127 - system - INFO - Trading state reset
2025-08-21 06:25:42,149 - system - INFO - Test database re-initialized
2025-08-21 06:25:42,159 - system - INFO - Trading state reset
2025-08-21 06:25:42,184 - system - INFO - Test database re-initialized
2025-08-21 06:25:42,194 - system - INFO - Trading state reset
2025-08-21 06:25:42,218 - system - INFO - Test database re-initialized
2025-08-21 06:25:42,227 - system - INFO - Trading state reset
2025-08-21 06:25:42,250 - system - INFO - Test database re-initialized
2025-08-21 06:25:42,260 - system - INFO - Trading state reset
2025-08-21 06:25:42,287 - system - INFO - Test database re-initialized
2025-08-21 06:25:42,295 - system - INFO - Trading state reset
2025-08-21 06:25:42,320 - system - INFO - Test database re-initialized
2025-08-21 06:25:42,330 - system - INFO - Trading state reset
2025-08-21 06:25:42,356 - system - INFO - Test database re-initialized
2025-08-21 06:25:42,382 - system - INFO - Database initialized successfully
2025-08-21 06:25:42,383 - system - INFO - Trading state reset
2025-08-21 06:25:42,407 - system - INFO - Test database re-initialized
2025-08-21 06:25:42,410 - system - INFO - Trading state reset
2025-08-21 06:25:42,434 - system - INFO - Test database re-initialized
2025-08-21 06:25:42,436 - system - INFO - Trading state reset
2025-08-21 06:25:42,461 - system - INFO - Test database re-initialized
2025-08-21 06:25:42,464 - system - INFO - Trading state reset
2025-08-21 06:25:42,491 - system - INFO - Test database re-initialized
2025-08-21 06:25:42,494 - system - INFO - Trading state reset
2025-08-21 06:25:42,516 - system - INFO - Test database re-initialized
2025-08-21 06:25:42,519 - system - INFO - Trading state reset
2025-08-21 06:25:42,540 - system - INFO - Test database re-initialized
2025-08-21 06:25:42,543 - system - INFO - Trading state reset
2025-08-21 06:25:42,565 - system - INFO - Test database re-initialized
2025-08-21 06:25:42,568 - system - INFO - Trading state reset
2025-08-21 06:25:42,591 - system - INFO - Test database re-initialized
2025-08-21 06:25:42,594 - system - INFO - Trading state reset
2025-08-21 06:25:42,616 - system - INFO - Test database re-initialized
2025-08-21 06:25:42,619 - system - INFO - Trading state reset
2025-08-21 06:25:42,645 - system - INFO - Test database re-initialized
2025-08-21 06:25:42,649 - system - INFO - Trading state reset
2025-08-21 06:25:42,671 - system - INFO - Test database re-initialized
2025-08-21 06:25:42,674 - system - INFO - Trading state reset
2025-08-21 06:25:42,697 - system - INFO - Test database re-initialized
2025-08-21 06:25:42,719 - system - INFO - Database initialized successfully
2025-08-21 06:25:42,720 - system - INFO - Trading state reset
2025-08-21 06:25:42,744 - system - INFO - Test database re-initialized
2025-08-21 06:25:42,749 - system - INFO - Trading state reset
2025-08-21 06:25:42,771 - system - INFO - Test database re-initialized
2025-08-21 06:25:42,779 - system - INFO - Trading state reset
2025-08-21 06:25:42,801 - system - INFO - Test database re-initialized
2025-08-21 06:25:42,807 - system - INFO - Trading state reset
2025-08-21 06:25:42,826 - system - INFO - Test database re-initialized
2025-08-21 06:25:42,832 - system - INFO - Trading state reset
2025-08-21 06:25:42,855 - system - INFO - Test database re-initialized
2025-08-21 06:25:42,860 - system - INFO - Trading state reset
2025-08-21 06:25:42,879 - system - INFO - Test database re-initialized
2025-08-21 06:25:42,884 - system - INFO - Trading state reset
2025-08-21 06:25:42,906 - system - INFO - Test database re-initialized
2025-08-21 06:25:42,911 - system - INFO - Trading state reset
2025-08-21 06:25:42,932 - system - INFO - Test database re-initialized
2025-08-21 06:25:42,952 - system - INFO - Database initialized successfully
2025-08-21 06:25:42,953 - system - INFO - Trading state reset
2025-08-21 06:25:42,979 - system - INFO - Test database re-initialized
2025-08-21 06:25:42,988 - system - INFO - Trading state reset
2025-08-21 06:25:43,010 - system - INFO - Test database re-initialized
2025-08-21 06:25:43,019 - system - INFO - Trading state reset
2025-08-21 06:25:43,042 - system - INFO - Test database re-initialized
2025-08-21 06:25:43,051 - system - INFO - Trading state reset
2025-08-21 06:25:43,075 - system - INFO - Test database re-initialized
2025-08-21 06:25:43,083 - system - INFO - Trading state reset
2025-08-21 06:25:43,109 - system - INFO - Test database re-initialized
2025-08-21 06:25:43,118 - system - INFO - Trading state reset
2025-08-21 06:25:43,141 - system - INFO - Test database re-initialized
2025-08-21 06:25:43,150 - system - INFO - Trading state reset
2025-08-21 06:25:43,175 - system - INFO - Test database re-initialized
2025-08-21 06:25:43,184 - system - INFO - Trading state reset
2025-08-21 06:25:43,207 - system - INFO - Test database re-initialized
2025-08-21 06:25:43,216 - system - INFO - Trading state reset
2025-08-21 06:25:43,239 - system - INFO - Test database re-initialized
2025-08-21 06:25:43,328 - system - INFO - Database initialized successfully
2025-08-21 06:25:43,329 - system - INFO - Trading state reset
2025-08-21 06:25:43,372 - system - INFO - Test database re-initialized
2025-08-21 06:25:43,380 - system - INFO - Trading state reset
2025-08-21 06:25:43,429 - system - INFO - Test database re-initialized
2025-08-21 06:25:43,438 - system - INFO - Trading state reset
2025-08-21 06:25:43,464 - system - INFO - Test database re-initialized
2025-08-21 06:25:43,474 - system - INFO - Trading state reset
2025-08-21 06:25:43,497 - system - INFO - Test database re-initialized
2025-08-21 06:25:43,508 - system - INFO - Trading state reset
2025-08-21 06:25:43,533 - system - INFO - Test database re-initialized
2025-08-21 06:25:43,544 - system - INFO - Trading state reset
2025-08-21 06:25:43,569 - system - INFO - Test database re-initialized
2025-08-21 06:25:43,584 - system - INFO - Trading state reset
2025-08-21 06:25:43,615 - system - INFO - Test database re-initialized
2025-08-21 06:25:43,629 - system - INFO - Trading state reset
2025-08-21 06:25:43,659 - system - INFO - Test database re-initialized
2025-08-21 06:25:43,694 - system - INFO - Database initialized successfully
2025-08-21 06:25:43,695 - system - INFO - Trading state reset
2025-08-21 06:25:43,725 - system - INFO - Test database re-initialized
2025-08-21 06:25:43,736 - system - INFO - Trading state reset
2025-08-21 06:25:43,758 - system - INFO - Test database re-initialized
2025-08-21 06:25:43,771 - system - INFO - Trading state reset
2025-08-21 06:25:43,797 - system - INFO - Test database re-initialized
2025-08-21 06:25:43,810 - system - INFO - Trading state reset
2025-08-21 06:25:43,834 - system - INFO - Test database re-initialized
2025-08-21 06:25:43,847 - system - INFO - Trading state reset
2025-08-21 06:25:43,870 - system - INFO - Test database re-initialized
2025-08-21 06:25:43,884 - system - INFO - Trading state reset
2025-08-21 06:25:43,912 - system - INFO - Test database re-initialized
2025-08-21 06:25:43,925 - system - INFO - Trading state reset
2025-08-21 06:25:43,952 - system - INFO - Test database re-initialized
2025-08-21 06:25:43,964 - system - INFO - Trading state reset
2025-08-21 06:25:43,996 - system - INFO - Test database re-initialized
2025-08-21 06:25:44,008 - system - INFO - Trading state reset
2025-08-21 06:25:44,038 - system - INFO - Test database re-initialized
2025-08-21 06:25:44,052 - system - INFO - Trading state reset
2025-08-21 06:25:44,084 - system - INFO - Test database re-initialized
2025-08-21 06:25:44,096 - system - INFO - Trading state reset
2025-08-21 06:25:44,125 - system - INFO - Test database re-initialized
2025-08-21 06:25:44,136 - system - INFO - Trading state reset
2025-08-21 06:25:44,163 - system - INFO - Test database re-initialized
2025-08-21 06:25:54,602 - system - INFO - Trading state manager initialized
2025-08-21 06:25:54,631 - system - INFO - Database initialized successfully
2025-08-21 06:25:54,631 - system - INFO - Trading state reset
2025-08-21 06:25:54,654 - system - INFO - Test database re-initialized
2025-08-21 06:31:16,325 - system - INFO - Trading state manager initialized
2025-08-21 06:31:16,354 - system - INFO - Database initialized successfully
2025-08-21 06:31:16,354 - system - INFO - Trading state reset
2025-08-21 06:31:16,408 - system - INFO - Test database re-initialized
2025-08-21 07:26:04,137 - system - INFO - Trading state manager initialized
2025-08-21 07:26:04,200 - system - INFO - Database initialized successfully
2025-08-21 07:26:04,200 - system - INFO - Trading state reset
2025-08-21 07:26:04,247 - system - INFO - Test database re-initialized
2025-08-21 07:26:04,285 - system - INFO - Trading state reset
2025-08-21 07:26:04,313 - system - INFO - Test database re-initialized
2025-08-21 07:26:04,318 - system - INFO - Trading state reset
2025-08-21 07:26:04,343 - system - INFO - Test database re-initialized
2025-08-21 07:26:04,350 - system - INFO - Trading state reset
2025-08-21 07:26:04,374 - system - INFO - Test database re-initialized
2025-08-21 07:26:04,378 - system - INFO - Trading state reset
2025-08-21 07:26:04,403 - system - INFO - Test database re-initialized
2025-08-21 07:26:04,408 - system - INFO - Trading state reset
2025-08-21 07:26:04,431 - system - INFO - Test database re-initialized
2025-08-21 07:26:04,436 - system - INFO - Trading state reset
2025-08-21 07:26:04,461 - system - INFO - Test database re-initialized
2025-08-21 07:26:04,465 - system - INFO - Trading state reset
2025-08-21 07:26:04,490 - system - INFO - Test database re-initialized
2025-08-21 07:26:04,549 - system - INFO - Database initialized successfully
2025-08-21 07:26:04,549 - system - INFO - Trading state reset
2025-08-21 07:26:04,576 - system - INFO - Test database re-initialized
2025-08-21 07:26:04,620 - system - INFO - Database initialized successfully
2025-08-21 07:26:04,647 - system - INFO - Trading state reset
2025-08-21 07:26:04,670 - system - INFO - Test database re-initialized
2025-08-21 07:26:04,709 - system - INFO - Database initialized successfully
2025-08-21 07:26:04,734 - system - INFO - Trading state reset
2025-08-21 07:26:04,758 - system - INFO - Test database re-initialized
2025-08-21 07:26:04,790 - system - INFO - Database initialized successfully
2025-08-21 07:26:04,812 - system - INFO - Trading state reset
2025-08-21 07:26:04,835 - system - INFO - Test database re-initialized
2025-08-21 07:26:04,869 - system - INFO - Database initialized successfully
2025-08-21 07:26:04,893 - system - INFO - Trading state reset
2025-08-21 07:26:04,916 - system - INFO - Test database re-initialized
2025-08-21 07:26:04,971 - system - INFO - Database initialized successfully
2025-08-21 07:26:04,997 - system - INFO - Trading state reset
2025-08-21 07:26:05,021 - system - INFO - Test database re-initialized
2025-08-21 07:26:05,049 - system - INFO - Database initialized successfully
2025-08-21 07:26:05,071 - system - INFO - Trading state reset
2025-08-21 07:26:05,094 - system - INFO - Test database re-initialized
2025-08-21 07:26:05,128 - system - INFO - Database initialized successfully
2025-08-21 07:26:05,148 - system - INFO - Trading state reset
2025-08-21 07:26:05,173 - system - INFO - Test database re-initialized
2025-08-21 07:26:05,206 - system - INFO - Database initialized successfully
2025-08-21 07:26:05,228 - system - INFO - Trading state reset
2025-08-21 07:26:05,251 - system - INFO - Test database re-initialized
2025-08-21 07:26:05,284 - system - INFO - Database initialized successfully
2025-08-21 07:26:05,308 - system - INFO - Trading state reset
2025-08-21 07:26:05,332 - system - INFO - Test database re-initialized
2025-08-21 07:26:05,369 - system - INFO - Database initialized successfully
2025-08-21 07:26:05,414 - system - INFO - Database initialized successfully
2025-08-21 07:26:05,414 - system - INFO - Trading state reset
2025-08-21 07:26:05,438 - system - INFO - Test database re-initialized
2025-08-21 07:26:05,449 - system - INFO - Trading state reset
2025-08-21 07:26:05,471 - system - INFO - Test database re-initialized
2025-08-21 07:26:05,481 - system - INFO - Trading state reset
2025-08-21 07:26:05,504 - system - INFO - Test database re-initialized
2025-08-21 07:26:05,515 - system - INFO - Trading state reset
2025-08-21 07:26:05,540 - system - INFO - Test database re-initialized
2025-08-21 07:26:05,550 - system - INFO - Trading state reset
2025-08-21 07:26:05,575 - system - INFO - Test database re-initialized
2025-08-21 07:26:05,586 - system - INFO - Trading state reset
2025-08-21 07:26:05,609 - system - INFO - Test database re-initialized
2025-08-21 07:26:05,620 - system - INFO - Trading state reset
2025-08-21 07:26:05,645 - system - INFO - Test database re-initialized
2025-08-21 07:26:05,656 - system - INFO - Trading state reset
2025-08-21 07:26:05,678 - system - INFO - Test database re-initialized
2025-08-21 07:26:05,687 - system - INFO - Trading state reset
2025-08-21 07:26:05,710 - system - INFO - Test database re-initialized
2025-08-21 07:26:05,721 - system - INFO - Trading state reset
2025-08-21 07:26:05,743 - system - INFO - Test database re-initialized
2025-08-21 07:26:05,752 - system - INFO - Trading state reset
2025-08-21 07:26:05,775 - system - INFO - Test database re-initialized
2025-08-21 07:26:05,800 - system - INFO - Database initialized successfully
2025-08-21 07:26:05,800 - system - INFO - Trading state reset
2025-08-21 07:26:05,833 - system - INFO - Test database re-initialized
2025-08-21 07:26:05,840 - system - INFO - Trading state reset
2025-08-21 07:26:05,863 - system - INFO - Test database re-initialized
2025-08-21 07:26:05,868 - system - INFO - Trading state reset
2025-08-21 07:26:05,892 - system - INFO - Test database re-initialized
2025-08-21 07:26:05,898 - system - INFO - Trading state reset
2025-08-21 07:26:05,921 - system - INFO - Test database re-initialized
2025-08-21 07:26:05,926 - system - INFO - Trading state reset
2025-08-21 07:26:05,949 - system - INFO - Test database re-initialized
2025-08-21 07:26:05,954 - system - INFO - Trading state reset
2025-08-21 07:26:05,980 - system - INFO - Test database re-initialized
2025-08-21 07:26:05,986 - system - INFO - Trading state reset
2025-08-21 07:26:06,010 - system - INFO - Test database re-initialized
2025-08-21 07:26:06,015 - system - INFO - Trading state reset
2025-08-21 07:26:06,038 - system - INFO - Test database re-initialized
2025-08-21 07:26:06,060 - system - INFO - Database initialized successfully
2025-08-21 07:26:06,061 - system - INFO - Trading state reset
2025-08-21 07:26:06,085 - system - INFO - Test database re-initialized
2025-08-21 07:26:06,093 - system - INFO - Trading state reset
2025-08-21 07:26:06,117 - system - INFO - Test database re-initialized
2025-08-21 07:26:06,127 - system - INFO - Trading state reset
2025-08-21 07:26:06,151 - system - INFO - Test database re-initialized
2025-08-21 07:26:06,164 - system - INFO - Trading state reset
2025-08-21 07:26:06,189 - system - INFO - Test database re-initialized
2025-08-21 07:26:06,200 - system - INFO - Trading state reset
2025-08-21 07:26:06,224 - system - INFO - Test database re-initialized
2025-08-21 07:26:06,234 - system - INFO - Trading state reset
2025-08-21 07:26:06,257 - system - INFO - Test database re-initialized
2025-08-21 07:26:06,267 - system - INFO - Trading state reset
2025-08-21 07:26:06,288 - system - INFO - Test database re-initialized
2025-08-21 07:26:06,360 - system - INFO - Trading state reset
2025-08-21 07:26:06,382 - system - INFO - Test database re-initialized
2025-08-21 07:26:06,390 - system - INFO - Trading state reset
2025-08-21 07:26:06,407 - system - INFO - Test database re-initialized
2025-08-21 07:26:06,426 - system - INFO - Trading state reset
2025-08-21 07:26:06,471 - system - INFO - Test database re-initialized
2025-08-21 07:26:06,505 - system - INFO - Database initialized successfully
2025-08-21 07:26:06,506 - system - INFO - Trading state reset
2025-08-21 07:26:06,533 - system - INFO - Test database re-initialized
2025-08-21 07:26:06,542 - system - INFO - Trading state reset
2025-08-21 07:26:06,567 - system - INFO - Test database re-initialized
2025-08-21 07:26:06,575 - system - INFO - Trading state reset
2025-08-21 07:26:06,597 - system - INFO - Test database re-initialized
2025-08-21 07:26:06,607 - system - INFO - Trading state reset
2025-08-21 07:26:06,631 - system - INFO - Test database re-initialized
2025-08-21 07:26:06,641 - system - INFO - Trading state reset
2025-08-21 07:26:06,664 - system - INFO - Test database re-initialized
2025-08-21 07:26:06,673 - system - INFO - Trading state reset
2025-08-21 07:26:06,698 - system - INFO - Test database re-initialized
2025-08-21 07:26:06,708 - system - INFO - Trading state reset
2025-08-21 07:26:06,729 - system - INFO - Test database re-initialized
2025-08-21 07:26:06,738 - system - INFO - Trading state reset
2025-08-21 07:26:06,761 - system - INFO - Test database re-initialized
2025-08-21 07:26:06,770 - system - INFO - Trading state reset
2025-08-21 07:26:06,797 - system - INFO - Test database re-initialized
2025-08-21 07:26:06,807 - system - INFO - Trading state reset
2025-08-21 07:26:06,830 - system - INFO - Test database re-initialized
2025-08-21 07:26:06,840 - system - INFO - Trading state reset
2025-08-21 07:26:06,864 - system - INFO - Test database re-initialized
2025-08-21 07:26:06,873 - system - INFO - Trading state reset
2025-08-21 07:26:06,897 - system - INFO - Test database re-initialized
2025-08-21 07:26:06,922 - system - INFO - Database initialized successfully
2025-08-21 07:26:06,922 - system - INFO - Trading state reset
2025-08-21 07:26:06,953 - system - INFO - Test database re-initialized
2025-08-21 07:26:06,959 - system - INFO - Trading state reset
2025-08-21 07:26:06,983 - system - INFO - Test database re-initialized
2025-08-21 07:26:06,988 - system - INFO - Trading state reset
2025-08-21 07:26:07,014 - system - INFO - Test database re-initialized
2025-08-21 07:26:07,019 - system - INFO - Trading state reset
2025-08-21 07:26:07,045 - system - INFO - Test database re-initialized
2025-08-21 07:26:07,051 - system - INFO - Trading state reset
2025-08-21 07:26:07,077 - system - INFO - Test database re-initialized
2025-08-21 07:26:07,082 - system - INFO - Trading state reset
2025-08-21 07:26:07,108 - system - INFO - Test database re-initialized
2025-08-21 07:26:07,115 - system - INFO - Trading state reset
2025-08-21 07:26:07,163 - system - INFO - Test database re-initialized
2025-08-21 07:26:07,169 - system - INFO - Trading state reset
2025-08-21 07:26:07,195 - system - INFO - Test database re-initialized
2025-08-21 07:26:07,218 - system - INFO - Database initialized successfully
2025-08-21 07:26:07,218 - system - INFO - Trading state reset
2025-08-21 07:26:07,240 - system - INFO - Test database re-initialized
2025-08-21 07:26:07,249 - system - INFO - Trading state reset
2025-08-21 07:26:07,272 - system - INFO - Test database re-initialized
2025-08-21 07:26:07,281 - system - INFO - Trading state reset
2025-08-21 07:26:07,305 - system - INFO - Test database re-initialized
2025-08-21 07:26:07,315 - system - INFO - Trading state reset
2025-08-21 07:26:07,336 - system - INFO - Test database re-initialized
2025-08-21 07:26:07,345 - system - INFO - Trading state reset
2025-08-21 07:26:07,368 - system - INFO - Test database re-initialized
2025-08-21 07:26:07,378 - system - INFO - Trading state reset
2025-08-21 07:26:07,405 - system - INFO - Test database re-initialized
2025-08-21 07:26:07,414 - system - INFO - Trading state reset
2025-08-21 07:26:07,439 - system - INFO - Test database re-initialized
2025-08-21 07:26:07,449 - system - INFO - Trading state reset
2025-08-21 07:26:07,473 - system - INFO - Test database re-initialized
2025-08-21 07:26:07,482 - system - INFO - Trading state reset
2025-08-21 07:26:07,507 - system - INFO - Test database re-initialized
2025-08-21 07:26:07,534 - system - INFO - Database initialized successfully
2025-08-21 07:26:07,534 - system - INFO - Trading state reset
2025-08-21 07:26:07,557 - system - INFO - Test database re-initialized
2025-08-21 07:26:07,568 - system - INFO - Trading state reset
2025-08-21 07:26:07,592 - system - INFO - Test database re-initialized
2025-08-21 07:26:07,602 - system - INFO - Trading state reset
2025-08-21 07:26:07,624 - system - INFO - Test database re-initialized
2025-08-21 07:26:07,635 - system - INFO - Trading state reset
2025-08-21 07:26:07,657 - system - INFO - Test database re-initialized
2025-08-21 07:26:07,668 - system - INFO - Trading state reset
2025-08-21 07:26:07,691 - system - INFO - Test database re-initialized
2025-08-21 07:26:07,701 - system - INFO - Trading state reset
2025-08-21 07:26:07,723 - system - INFO - Test database re-initialized
2025-08-21 07:26:07,734 - system - INFO - Trading state reset
2025-08-21 07:26:07,752 - system - INFO - Test database re-initialized
2025-08-21 07:26:07,768 - system - INFO - Trading state reset
2025-08-21 07:26:07,798 - system - INFO - Test database re-initialized
2025-08-21 07:26:07,824 - system - INFO - Database initialized successfully
2025-08-21 07:26:07,824 - system - INFO - Trading state reset
2025-08-21 07:26:07,848 - system - INFO - Test database re-initialized
2025-08-21 07:26:07,857 - system - INFO - Trading state reset
2025-08-21 07:26:07,879 - system - INFO - Test database re-initialized
2025-08-21 07:26:07,890 - system - INFO - Trading state reset
2025-08-21 07:26:07,915 - system - INFO - Test database re-initialized
2025-08-21 07:26:07,925 - system - INFO - Trading state reset
2025-08-21 07:26:07,949 - system - INFO - Test database re-initialized
2025-08-21 07:26:07,966 - system - INFO - Trading state reset
2025-08-21 07:26:07,991 - system - INFO - Test database re-initialized
2025-08-21 07:26:08,001 - system - INFO - Trading state reset
2025-08-21 07:26:08,025 - system - INFO - Test database re-initialized
2025-08-21 07:26:08,034 - system - INFO - Trading state reset
2025-08-21 07:26:08,058 - system - INFO - Test database re-initialized
2025-08-21 07:26:08,067 - system - INFO - Trading state reset
2025-08-21 07:26:08,090 - system - INFO - Test database re-initialized
2025-08-21 07:26:08,101 - system - INFO - Trading state reset
2025-08-21 07:26:08,122 - system - INFO - Test database re-initialized
2025-08-21 07:26:08,132 - system - INFO - Trading state reset
2025-08-21 07:26:08,157 - system - INFO - Test database re-initialized
2025-08-21 07:26:08,168 - system - INFO - Trading state reset
2025-08-21 07:26:08,192 - system - INFO - Test database re-initialized
2025-08-21 07:26:08,202 - system - INFO - Trading state reset
2025-08-21 07:26:08,224 - system - INFO - Test database re-initialized
2025-08-21 07:28:48,061 - system - INFO - Trading state manager initialized
2025-08-21 07:28:48,095 - system - INFO - Database initialized successfully
2025-08-21 07:28:48,096 - system - INFO - Trading state reset
2025-08-21 07:28:48,124 - system - INFO - Test database re-initialized
2025-08-21 07:28:59,023 - system - INFO - Trading state manager initialized
2025-08-21 07:28:59,071 - system - INFO - Database initialized successfully
2025-08-21 07:28:59,072 - system - INFO - Trading state reset
2025-08-21 07:28:59,100 - system - INFO - Test database re-initialized
2025-08-21 07:28:59,114 - system - INFO - Trading state reset
2025-08-21 07:28:59,137 - system - INFO - Test database re-initialized
2025-08-21 07:28:59,170 - system - INFO - Trading state reset
2025-08-21 07:28:59,192 - system - INFO - Test database re-initialized
2025-08-21 07:28:59,215 - system - INFO - Trading state reset
2025-08-21 07:28:59,244 - system - INFO - Test database re-initialized
2025-08-21 07:28:59,255 - system - INFO - Trading state reset
2025-08-21 07:28:59,280 - system - INFO - Test database re-initialized
2025-08-21 07:28:59,291 - system - INFO - Trading state reset
2025-08-21 07:28:59,313 - system - INFO - Test database re-initialized
2025-08-21 07:28:59,323 - system - INFO - Trading state reset
2025-08-21 07:28:59,345 - system - INFO - Test database re-initialized
2025-08-21 07:28:59,358 - system - INFO - Trading state reset
2025-08-21 07:28:59,383 - system - INFO - Test database re-initialized
2025-08-21 07:28:59,449 - system - INFO - Database initialized successfully
2025-08-21 07:28:59,450 - system - INFO - Trading state reset
2025-08-21 07:28:59,473 - system - INFO - Test database re-initialized
2025-08-21 07:28:59,506 - system - INFO - Database initialized successfully
2025-08-21 07:28:59,523 - system - INFO - Trading state reset
2025-08-21 07:28:59,545 - system - INFO - Test database re-initialized
2025-08-21 07:28:59,567 - system - INFO - Database initialized successfully
2025-08-21 07:28:59,586 - system - INFO - Trading state reset
2025-08-21 07:28:59,609 - system - INFO - Test database re-initialized
2025-08-21 07:28:59,632 - system - INFO - Database initialized successfully
2025-08-21 07:28:59,650 - system - INFO - Trading state reset
2025-08-21 07:28:59,673 - system - INFO - Test database re-initialized
2025-08-21 07:28:59,696 - system - INFO - Database initialized successfully
2025-08-21 07:28:59,715 - system - INFO - Trading state reset
2025-08-21 07:28:59,741 - system - INFO - Test database re-initialized
2025-08-21 07:28:59,770 - system - INFO - Database initialized successfully
2025-08-21 07:28:59,802 - system - INFO - Trading state reset
2025-08-21 07:28:59,825 - system - INFO - Test database re-initialized
2025-08-21 07:28:59,848 - system - INFO - Database initialized successfully
2025-08-21 07:28:59,865 - system - INFO - Trading state reset
2025-08-21 07:28:59,887 - system - INFO - Test database re-initialized
2025-08-21 07:28:59,913 - system - INFO - Database initialized successfully
2025-08-21 07:28:59,931 - system - INFO - Trading state reset
2025-08-21 07:28:59,955 - system - INFO - Test database re-initialized
2025-08-21 07:28:59,980 - system - INFO - Database initialized successfully
2025-08-21 07:28:59,998 - system - INFO - Trading state reset
2025-08-21 07:29:00,023 - system - INFO - Test database re-initialized
2025-08-21 07:29:00,047 - system - INFO - Database initialized successfully
2025-08-21 07:29:00,063 - system - INFO - Trading state reset
2025-08-21 07:29:00,087 - system - INFO - Test database re-initialized
2025-08-21 07:29:00,125 - system - INFO - Database initialized successfully
2025-08-21 07:29:00,170 - system - INFO - Database initialized successfully
2025-08-21 07:29:00,171 - system - INFO - Trading state reset
2025-08-21 07:29:00,195 - system - INFO - Test database re-initialized
2025-08-21 07:29:00,206 - system - INFO - Trading state reset
2025-08-21 07:29:00,228 - system - INFO - Test database re-initialized
2025-08-21 07:29:00,241 - system - INFO - Trading state reset
2025-08-21 07:29:00,264 - system - INFO - Test database re-initialized
2025-08-21 07:29:00,276 - system - INFO - Trading state reset
2025-08-21 07:29:00,300 - system - INFO - Test database re-initialized
2025-08-21 07:29:00,311 - system - INFO - Trading state reset
2025-08-21 07:29:00,334 - system - INFO - Test database re-initialized
2025-08-21 07:29:00,344 - system - INFO - Trading state reset
2025-08-21 07:29:00,366 - system - INFO - Test database re-initialized
2025-08-21 07:29:00,376 - system - INFO - Trading state reset
2025-08-21 07:29:00,401 - system - INFO - Test database re-initialized
2025-08-21 07:29:00,412 - system - INFO - Trading state reset
2025-08-21 07:29:00,435 - system - INFO - Test database re-initialized
2025-08-21 07:29:00,445 - system - INFO - Trading state reset
2025-08-21 07:29:00,467 - system - INFO - Test database re-initialized
2025-08-21 07:29:00,478 - system - INFO - Trading state reset
2025-08-21 07:29:00,500 - system - INFO - Test database re-initialized
2025-08-21 07:29:00,519 - system - INFO - Trading state reset
2025-08-21 07:29:00,539 - system - INFO - Test database re-initialized
2025-08-21 07:29:00,571 - system - INFO - Database initialized successfully
2025-08-21 07:29:00,571 - system - INFO - Trading state reset
2025-08-21 07:29:00,592 - system - INFO - Test database re-initialized
2025-08-21 07:29:00,604 - system - INFO - Trading state reset
2025-08-21 07:29:00,628 - system - INFO - Test database re-initialized
2025-08-21 07:29:00,639 - system - INFO - Trading state reset
2025-08-21 07:29:00,661 - system - INFO - Test database re-initialized
2025-08-21 07:29:00,671 - system - INFO - Trading state reset
2025-08-21 07:29:00,691 - system - INFO - Test database re-initialized
2025-08-21 07:29:00,702 - system - INFO - Trading state reset
2025-08-21 07:29:00,724 - system - INFO - Test database re-initialized
2025-08-21 07:29:00,735 - system - INFO - Trading state reset
2025-08-21 07:29:00,762 - system - INFO - Test database re-initialized
2025-08-21 07:29:00,773 - system - INFO - Trading state reset
2025-08-21 07:29:00,795 - system - INFO - Test database re-initialized
2025-08-21 07:29:00,807 - system - INFO - Trading state reset
2025-08-21 07:29:00,829 - system - INFO - Test database re-initialized
2025-08-21 07:29:00,857 - system - INFO - Database initialized successfully
2025-08-21 07:29:00,858 - system - INFO - Trading state reset
2025-08-21 07:29:00,882 - system - INFO - Test database re-initialized
2025-08-21 07:29:00,892 - system - INFO - Trading state reset
2025-08-21 07:29:00,914 - system - INFO - Test database re-initialized
2025-08-21 07:29:00,923 - system - INFO - Trading state reset
2025-08-21 07:29:00,945 - system - INFO - Test database re-initialized
2025-08-21 07:29:00,956 - system - INFO - Trading state reset
2025-08-21 07:29:00,980 - system - INFO - Test database re-initialized
2025-08-21 07:29:00,991 - system - INFO - Trading state reset
2025-08-21 07:29:01,015 - system - INFO - Test database re-initialized
2025-08-21 07:29:01,026 - system - INFO - Trading state reset
2025-08-21 07:29:01,049 - system - INFO - Test database re-initialized
2025-08-21 07:29:01,060 - system - INFO - Trading state reset
2025-08-21 07:29:01,083 - system - INFO - Test database re-initialized
2025-08-21 07:29:01,093 - system - INFO - Trading state reset
2025-08-21 07:29:01,115 - system - INFO - Test database re-initialized
2025-08-21 07:29:01,124 - system - INFO - Trading state reset
2025-08-21 07:29:01,145 - system - INFO - Test database re-initialized
2025-08-21 07:29:01,154 - system - INFO - Trading state reset
2025-08-21 07:29:01,173 - system - INFO - Test database re-initialized
2025-08-21 07:29:01,195 - system - INFO - Database initialized successfully
2025-08-21 07:29:01,196 - system - INFO - Trading state reset
2025-08-21 07:29:01,228 - system - INFO - Test database re-initialized
2025-08-21 07:29:01,236 - system - INFO - Trading state reset
2025-08-21 07:29:01,258 - system - INFO - Test database re-initialized
2025-08-21 07:29:01,266 - system - INFO - Trading state reset
2025-08-21 07:29:01,288 - system - INFO - Test database re-initialized
2025-08-21 07:29:01,297 - system - INFO - Trading state reset
2025-08-21 07:29:01,317 - system - INFO - Test database re-initialized
2025-08-21 07:29:01,326 - system - INFO - Trading state reset
2025-08-21 07:29:01,350 - system - INFO - Test database re-initialized
2025-08-21 07:29:01,360 - system - INFO - Trading state reset
2025-08-21 07:29:01,384 - system - INFO - Test database re-initialized
2025-08-21 07:29:01,393 - system - INFO - Trading state reset
2025-08-21 07:29:01,414 - system - INFO - Test database re-initialized
2025-08-21 07:29:01,424 - system - INFO - Trading state reset
2025-08-21 07:29:01,447 - system - INFO - Test database re-initialized
2025-08-21 07:29:01,456 - system - INFO - Trading state reset
2025-08-21 07:29:01,479 - system - INFO - Test database re-initialized
2025-08-21 07:29:01,488 - system - INFO - Trading state reset
2025-08-21 07:29:01,510 - system - INFO - Test database re-initialized
2025-08-21 07:29:01,519 - system - INFO - Trading state reset
2025-08-21 07:29:01,546 - system - INFO - Test database re-initialized
2025-08-21 07:29:01,555 - system - INFO - Trading state reset
2025-08-21 07:29:01,581 - system - INFO - Test database re-initialized
2025-08-21 07:29:01,611 - system - INFO - Database initialized successfully
2025-08-21 07:29:01,611 - system - INFO - Trading state reset
2025-08-21 07:29:01,634 - system - INFO - Test database re-initialized
2025-08-21 07:29:01,645 - system - INFO - Trading state reset
2025-08-21 07:29:01,675 - system - INFO - Test database re-initialized
2025-08-21 07:29:01,689 - system - INFO - Trading state reset
2025-08-21 07:29:01,717 - system - INFO - Test database re-initialized
2025-08-21 07:29:01,732 - system - INFO - Trading state reset
2025-08-21 07:29:01,758 - system - INFO - Test database re-initialized
2025-08-21 07:29:01,773 - system - INFO - Trading state reset
2025-08-21 07:29:01,799 - system - INFO - Test database re-initialized
2025-08-21 07:29:01,812 - system - INFO - Trading state reset
2025-08-21 07:29:01,833 - system - INFO - Test database re-initialized
2025-08-21 07:29:01,848 - system - INFO - Trading state reset
2025-08-21 07:29:01,877 - system - INFO - Test database re-initialized
2025-08-21 07:29:01,888 - system - INFO - Trading state reset
2025-08-21 07:29:01,909 - system - INFO - Test database re-initialized
2025-08-21 07:29:01,936 - system - INFO - Database initialized successfully
2025-08-21 07:29:01,936 - system - INFO - Trading state reset
2025-08-21 07:29:01,960 - system - INFO - Test database re-initialized
2025-08-21 07:29:01,969 - system - INFO - Trading state reset
2025-08-21 07:29:01,992 - system - INFO - Test database re-initialized
2025-08-21 07:29:02,001 - system - INFO - Trading state reset
2025-08-21 07:29:02,026 - system - INFO - Test database re-initialized
2025-08-21 07:29:02,035 - system - INFO - Trading state reset
2025-08-21 07:29:02,063 - system - INFO - Test database re-initialized
2025-08-21 07:29:02,076 - system - INFO - Trading state reset
2025-08-21 07:29:02,101 - system - INFO - Test database re-initialized
2025-08-21 07:29:02,110 - system - INFO - Trading state reset
2025-08-21 07:29:02,133 - system - INFO - Test database re-initialized
2025-08-21 07:29:02,143 - system - INFO - Trading state reset
2025-08-21 07:29:02,167 - system - INFO - Test database re-initialized
2025-08-21 07:29:02,177 - system - INFO - Trading state reset
2025-08-21 07:29:02,199 - system - INFO - Test database re-initialized
2025-08-21 07:29:02,208 - system - INFO - Trading state reset
2025-08-21 07:29:02,231 - system - INFO - Test database re-initialized
2025-08-21 07:29:02,257 - system - INFO - Database initialized successfully
2025-08-21 07:29:02,257 - system - INFO - Trading state reset
2025-08-21 07:29:02,284 - system - INFO - Test database re-initialized
2025-08-21 07:29:02,294 - system - INFO - Trading state reset
2025-08-21 07:29:02,317 - system - INFO - Test database re-initialized
2025-08-21 07:29:02,328 - system - INFO - Trading state reset
2025-08-21 07:29:02,350 - system - INFO - Test database re-initialized
2025-08-21 07:29:02,362 - system - INFO - Trading state reset
2025-08-21 07:29:02,384 - system - INFO - Test database re-initialized
2025-08-21 07:29:02,396 - system - INFO - Trading state reset
2025-08-21 07:29:02,420 - system - INFO - Test database re-initialized
2025-08-21 07:29:02,435 - system - INFO - Trading state reset
2025-08-21 07:29:02,458 - system - INFO - Test database re-initialized
2025-08-21 07:29:02,473 - system - INFO - Trading state reset
2025-08-21 07:29:02,496 - system - INFO - Test database re-initialized
2025-08-21 07:29:02,507 - system - INFO - Trading state reset
2025-08-21 07:29:02,530 - system - INFO - Test database re-initialized
2025-08-21 07:29:02,557 - system - INFO - Database initialized successfully
2025-08-21 07:29:02,558 - system - INFO - Trading state reset
2025-08-21 07:29:02,582 - system - INFO - Test database re-initialized
2025-08-21 07:29:02,596 - system - INFO - Trading state reset
2025-08-21 07:29:02,615 - system - INFO - Test database re-initialized
2025-08-21 07:29:02,623 - system - INFO - Trading state reset
2025-08-21 07:29:02,650 - system - INFO - Test database re-initialized
2025-08-21 07:29:02,658 - system - INFO - Trading state reset
2025-08-21 07:29:02,682 - system - INFO - Test database re-initialized
2025-08-21 07:29:02,693 - system - INFO - Trading state reset
2025-08-21 07:29:02,716 - system - INFO - Test database re-initialized
2025-08-21 07:29:02,725 - system - INFO - Trading state reset
2025-08-21 07:29:02,748 - system - INFO - Test database re-initialized
2025-08-21 07:29:02,758 - system - INFO - Trading state reset
2025-08-21 07:29:02,781 - system - INFO - Test database re-initialized
2025-08-21 07:29:02,792 - system - INFO - Trading state reset
2025-08-21 07:29:02,818 - system - INFO - Test database re-initialized
2025-08-21 07:29:02,905 - system - INFO - Trading state reset
2025-08-21 07:29:02,935 - system - INFO - Test database re-initialized
2025-08-21 07:29:02,950 - system - INFO - Trading state reset
2025-08-21 07:29:02,971 - system - INFO - Test database re-initialized
2025-08-21 07:29:02,983 - system - INFO - Trading state reset
2025-08-21 07:29:03,035 - system - INFO - Test database re-initialized
2025-08-21 07:29:03,043 - system - INFO - Trading state reset
2025-08-21 07:29:03,062 - system - INFO - Test database re-initialized
